#
# There is insufficient memory for the Java Runtime Environment to continue.
# Native memory allocation (malloc) failed to allocate 827056 bytes. Error detail: Chunk::new
# Possible reasons:
#   The system is out of physical RAM or swap space
#   This process is running with CompressedOops enabled, and the Java Heap may be blocking the growth of the native heap
# Possible solutions:
#   Reduce memory load on the system
#   Increase physical memory or swap space
#   Check if swap backing store is full
#   Decrease Java heap size (-Xmx/-Xms)
#   Decrease number of Java threads
#   Decrease Java thread stack sizes (-Xss)
#   Set larger code cache with -XX:ReservedCodeCacheSize=
#   JVM is running with Unscaled Compressed Oops mode in which the Java heap is
#     placed in the first 4GB address space. The Java Heap base address is the
#     maximum limit for the native heap growth. Please use -XX:HeapBaseMinAddress
#     to set the Java Heap base and to place the Java Heap above 4GB virtual address.
# This output file may be truncated or incomplete.
#
#  Out of Memory Error (arena.cpp:168), pid=5104, tid=956
#
# JRE version: OpenJDK Runtime Environment JBR-21.0.3+13-509.15-jcef (21.0.3+13) (build 21.0.3+13-b509.15)
# Java VM: OpenJDK 64-Bit Server VM JBR-21.0.3+13-509.15-jcef (21.0.3+13-b509.15, mixed mode, tiered, compressed oops, compressed class ptrs, g1 gc, windows-amd64)
# No core dump will be written. Minidumps are not enabled by default on client versions of Windows
#

---------------  S U M M A R Y ------------

Command Line: git4idea.http.GitAskPassApp Username for 'https://github.com': 

Host: Intel(R) Core(TM) i5-9400H CPU @ 2.50GHz, 8 cores, 7G,  Windows 11 , 64 bit Build 22000 (10.0.22000.2538)
Time: Sun Feb  9 15:17:29 2025 Pakistan Standard Time elapsed time: 0.771627 seconds (0d 0h 0m 0s)

---------------  T H R E A D  ---------------

Current thread (0x00000166a0b703f0):  JavaThread "C2 CompilerThread1" daemon [_thread_in_native, id=956, stack(0x000000595db00000,0x000000595dc00000) (1024K)]


Current CompileTask:
C2:    771 1057       4       sun.security.ec.ECOperations::setDouble (463 bytes)

Stack: [0x000000595db00000,0x000000595dc00000]
Native frames: (J=compiled Java code, j=interpreted, Vv=VM code, C=native code)
V  [jvm.dll+0x6e02f9]
V  [jvm.dll+0x8bd383]
V  [jvm.dll+0x8bf8de]
V  [jvm.dll+0x8bffc3]
V  [jvm.dll+0x2879c6]
V  [jvm.dll+0xc60ad]
V  [jvm.dll+0xc65e3]
V  [jvm.dll+0x2fd081]
V  [jvm.dll+0x607b29]
V  [jvm.dll+0x2583a2]
V  [jvm.dll+0x25875f]
V  [jvm.dll+0x251045]
V  [jvm.dll+0x24e89e]
V  [jvm.dll+0x1cd034]
V  [jvm.dll+0x25e13c]
V  [jvm.dll+0x25c616]
V  [jvm.dll+0x3fb056]
V  [jvm.dll+0x865338]
V  [jvm.dll+0x6deb3d]
C  [ucrtbase.dll+0x26c0c]
C  [KERNEL32.DLL+0x153e0]
C  [ntdll.dll+0x485b]


---------------  P R O C E S S  ---------------

Threads class SMR info:
_java_thread_list=0x00000166a0b191d0, length=15, elements={
0x0000016685b2f980, 0x00000166a02d6e70, 0x00000166a02d7b90, 0x00000166a02fd020,
0x00000166a02fda80, 0x00000166a02fe4e0, 0x00000166a02fef40, 0x00000166a0301090,
0x00000166a02d9a00, 0x00000166a049dbd0, 0x00000166a04b6260, 0x00000166a0ab90b0,
0x00000166a0b0ae30, 0x00000166a0b23d40, 0x00000166a0b703f0
}

Java Threads: ( => current thread )
  0x0000016685b2f980 JavaThread "main"                              [_thread_blocked, id=12548, stack(0x000000595c500000,0x000000595c600000) (1024K)]
  0x00000166a02d6e70 JavaThread "Reference Handler"          daemon [_thread_blocked, id=13564, stack(0x000000595cd00000,0x000000595ce00000) (1024K)]
  0x00000166a02d7b90 JavaThread "Finalizer"                  daemon [_thread_blocked, id=12904, stack(0x000000595ce00000,0x000000595cf00000) (1024K)]
  0x00000166a02fd020 JavaThread "Signal Dispatcher"          daemon [_thread_blocked, id=11864, stack(0x000000595cf00000,0x000000595d000000) (1024K)]
  0x00000166a02fda80 JavaThread "Attach Listener"            daemon [_thread_blocked, id=13296, stack(0x000000595d000000,0x000000595d100000) (1024K)]
  0x00000166a02fe4e0 JavaThread "Service Thread"             daemon [_thread_blocked, id=13460, stack(0x000000595d100000,0x000000595d200000) (1024K)]
  0x00000166a02fef40 JavaThread "Monitor Deflation Thread"   daemon [_thread_blocked, id=5892, stack(0x000000595d200000,0x000000595d300000) (1024K)]
  0x00000166a0301090 JavaThread "C2 CompilerThread0"         daemon [_thread_in_native, id=2912, stack(0x000000595d300000,0x000000595d400000) (1024K)]
  0x00000166a02d9a00 JavaThread "C1 CompilerThread0"         daemon [_thread_blocked, id=9308, stack(0x000000595d400000,0x000000595d500000) (1024K)]
  0x00000166a049dbd0 JavaThread "Notification Thread"        daemon [_thread_blocked, id=7184, stack(0x000000595d500000,0x000000595d600000) (1024K)]
  0x00000166a04b6260 JavaThread "Common-Cleaner"             daemon [_thread_blocked, id=13452, stack(0x000000595d600000,0x000000595d700000) (1024K)]
  0x00000166a0ab90b0 JavaThread "HttpClient-1-SelectorManager" daemon [_thread_in_native, id=8404, stack(0x000000595d700000,0x000000595d800000) (1024K)]
  0x00000166a0b0ae30 JavaThread "HttpClient-1-Worker-0"      daemon [_thread_blocked, id=15064, stack(0x000000595d900000,0x000000595da00000) (1024K)]
  0x00000166a0b23d40 JavaThread "HttpClient-1-Worker-1"      daemon [_thread_blocked, id=1716, stack(0x000000595da00000,0x000000595db00000) (1024K)]
=>0x00000166a0b703f0 JavaThread "C2 CompilerThread1"         daemon [_thread_in_native, id=956, stack(0x000000595db00000,0x000000595dc00000) (1024K)]
Total: 15

Other Threads:
  0x0000016685b0cf10 VMThread "VM Thread"                           [id=10868, stack(0x000000595cc00000,0x000000595cd00000) (1024K)]
  0x00000166a00bbfa0 WatcherThread "VM Periodic Task Thread"        [id=14148, stack(0x000000595cb00000,0x000000595cc00000) (1024K)]
  0x0000016685b0cb70 WorkerThread "GC Thread#0"                     [id=2796, stack(0x000000595c600000,0x000000595c700000) (1024K)]
  0x0000016687dac990 ConcurrentGCThread "G1 Main Marker"            [id=11384, stack(0x000000595c700000,0x000000595c800000) (1024K)]
  0x0000016685b0c7d0 WorkerThread "G1 Conc#0"                       [id=14676, stack(0x000000595c800000,0x000000595c900000) (1024K)]
  0x000001669ff92170 ConcurrentGCThread "G1 Refine#0"               [id=3604, stack(0x000000595c900000,0x000000595ca00000) (1024K)]
  0x000001669ff92ce0 ConcurrentGCThread "G1 Service"                [id=8120, stack(0x000000595ca00000,0x000000595cb00000) (1024K)]
Total: 7

Threads with active compile tasks:
C2 CompilerThread0      813 1109       4       java.util.HashMap::putVal (300 bytes)
C2 CompilerThread1      813 1057       4       sun.security.ec.ECOperations::setDouble (463 bytes)
Total: 2

VM state: not at safepoint (normal execution)

VM Mutex/Monitor currently owned by a thread: None

Heap address: 0x0000000083600000, size: 1994 MB, Compressed Oops mode: 32-bit

CDS archive(s) not mapped
Compressed class space mapped at: 0x0000000100000000-0x0000000140000000, reserved size: 1073741824
Narrow klass base: 0x0000000000000000, Narrow klass shift: 3, Narrow klass range: 0x140000000

GC Precious Log:
 CardTable entry size: 512
 Card Set container configuration: InlinePtr #cards 5 size 8 Array Of Cards #cards 12 size 40 Howl #buckets 4 coarsen threshold 1843 Howl Bitmap #cards 512 size 80 coarsen threshold 460 Card regions per heap region 1 cards per card region 2048
 CPUs: 8 total, 8 available
 Memory: 7973M
 Large Page Support: Disabled
 NUMA Support: Disabled
 Compressed Oops: Enabled (32-bit)
 Heap Region Size: 1M
 Heap Min Capacity: 8M
 Heap Initial Capacity: 126M
 Heap Max Capacity: 1994M
 Pre-touch: Disabled
 Parallel Workers: 8
 Concurrent Workers: 2
 Concurrent Refinement Workers: 8
 Periodic GC: Disabled

Heap:
 garbage-first heap   total 129024K, used 14336K [0x0000000083600000, 0x0000000100000000)
  region size 1024K, 16 young (16384K), 0 survivors (0K)
 Metaspace       used 17321K, committed 17600K, reserved 1114112K
  class space    used 1726K, committed 1856K, reserved 1048576K

Heap Regions: E=young(eden), S=young(survivor), O=old, HS=humongous(starts), HC=humongous(continues), CS=collection set, F=free, TAMS=top-at-mark-start, PB=parsable bottom
|   0|0x0000000083600000, 0x0000000083600000, 0x0000000083700000|  0%| F|  |TAMS 0x0000000083600000| PB 0x0000000083600000| Untracked 
|   1|0x0000000083700000, 0x0000000083700000, 0x0000000083800000|  0%| F|  |TAMS 0x0000000083700000| PB 0x0000000083700000| Untracked 
|   2|0x0000000083800000, 0x0000000083800000, 0x0000000083900000|  0%| F|  |TAMS 0x0000000083800000| PB 0x0000000083800000| Untracked 
|   3|0x0000000083900000, 0x0000000083900000, 0x0000000083a00000|  0%| F|  |TAMS 0x0000000083900000| PB 0x0000000083900000| Untracked 
|   4|0x0000000083a00000, 0x0000000083a00000, 0x0000000083b00000|  0%| F|  |TAMS 0x0000000083a00000| PB 0x0000000083a00000| Untracked 
|   5|0x0000000083b00000, 0x0000000083b00000, 0x0000000083c00000|  0%| F|  |TAMS 0x0000000083b00000| PB 0x0000000083b00000| Untracked 
|   6|0x0000000083c00000, 0x0000000083c00000, 0x0000000083d00000|  0%| F|  |TAMS 0x0000000083c00000| PB 0x0000000083c00000| Untracked 
|   7|0x0000000083d00000, 0x0000000083d00000, 0x0000000083e00000|  0%| F|  |TAMS 0x0000000083d00000| PB 0x0000000083d00000| Untracked 
|   8|0x0000000083e00000, 0x0000000083e00000, 0x0000000083f00000|  0%| F|  |TAMS 0x0000000083e00000| PB 0x0000000083e00000| Untracked 
|   9|0x0000000083f00000, 0x0000000083f00000, 0x0000000084000000|  0%| F|  |TAMS 0x0000000083f00000| PB 0x0000000083f00000| Untracked 
|  10|0x0000000084000000, 0x0000000084000000, 0x0000000084100000|  0%| F|  |TAMS 0x0000000084000000| PB 0x0000000084000000| Untracked 
|  11|0x0000000084100000, 0x0000000084100000, 0x0000000084200000|  0%| F|  |TAMS 0x0000000084100000| PB 0x0000000084100000| Untracked 
|  12|0x0000000084200000, 0x0000000084200000, 0x0000000084300000|  0%| F|  |TAMS 0x0000000084200000| PB 0x0000000084200000| Untracked 
|  13|0x0000000084300000, 0x0000000084300000, 0x0000000084400000|  0%| F|  |TAMS 0x0000000084300000| PB 0x0000000084300000| Untracked 
|  14|0x0000000084400000, 0x0000000084400000, 0x0000000084500000|  0%| F|  |TAMS 0x0000000084400000| PB 0x0000000084400000| Untracked 
|  15|0x0000000084500000, 0x0000000084500000, 0x0000000084600000|  0%| F|  |TAMS 0x0000000084500000| PB 0x0000000084500000| Untracked 
|  16|0x0000000084600000, 0x0000000084600000, 0x0000000084700000|  0%| F|  |TAMS 0x0000000084600000| PB 0x0000000084600000| Untracked 
|  17|0x0000000084700000, 0x0000000084700000, 0x0000000084800000|  0%| F|  |TAMS 0x0000000084700000| PB 0x0000000084700000| Untracked 
|  18|0x0000000084800000, 0x0000000084800000, 0x0000000084900000|  0%| F|  |TAMS 0x0000000084800000| PB 0x0000000084800000| Untracked 
|  19|0x0000000084900000, 0x0000000084900000, 0x0000000084a00000|  0%| F|  |TAMS 0x0000000084900000| PB 0x0000000084900000| Untracked 
|  20|0x0000000084a00000, 0x0000000084a00000, 0x0000000084b00000|  0%| F|  |TAMS 0x0000000084a00000| PB 0x0000000084a00000| Untracked 
|  21|0x0000000084b00000, 0x0000000084b00000, 0x0000000084c00000|  0%| F|  |TAMS 0x0000000084b00000| PB 0x0000000084b00000| Untracked 
|  22|0x0000000084c00000, 0x0000000084c00000, 0x0000000084d00000|  0%| F|  |TAMS 0x0000000084c00000| PB 0x0000000084c00000| Untracked 
|  23|0x0000000084d00000, 0x0000000084d00000, 0x0000000084e00000|  0%| F|  |TAMS 0x0000000084d00000| PB 0x0000000084d00000| Untracked 
|  24|0x0000000084e00000, 0x0000000084e00000, 0x0000000084f00000|  0%| F|  |TAMS 0x0000000084e00000| PB 0x0000000084e00000| Untracked 
|  25|0x0000000084f00000, 0x0000000084f00000, 0x0000000085000000|  0%| F|  |TAMS 0x0000000084f00000| PB 0x0000000084f00000| Untracked 
|  26|0x0000000085000000, 0x0000000085000000, 0x0000000085100000|  0%| F|  |TAMS 0x0000000085000000| PB 0x0000000085000000| Untracked 
|  27|0x0000000085100000, 0x0000000085100000, 0x0000000085200000|  0%| F|  |TAMS 0x0000000085100000| PB 0x0000000085100000| Untracked 
|  28|0x0000000085200000, 0x0000000085200000, 0x0000000085300000|  0%| F|  |TAMS 0x0000000085200000| PB 0x0000000085200000| Untracked 
|  29|0x0000000085300000, 0x0000000085300000, 0x0000000085400000|  0%| F|  |TAMS 0x0000000085300000| PB 0x0000000085300000| Untracked 
|  30|0x0000000085400000, 0x0000000085400000, 0x0000000085500000|  0%| F|  |TAMS 0x0000000085400000| PB 0x0000000085400000| Untracked 
|  31|0x0000000085500000, 0x0000000085500000, 0x0000000085600000|  0%| F|  |TAMS 0x0000000085500000| PB 0x0000000085500000| Untracked 
|  32|0x0000000085600000, 0x0000000085600000, 0x0000000085700000|  0%| F|  |TAMS 0x0000000085600000| PB 0x0000000085600000| Untracked 
|  33|0x0000000085700000, 0x0000000085700000, 0x0000000085800000|  0%| F|  |TAMS 0x0000000085700000| PB 0x0000000085700000| Untracked 
|  34|0x0000000085800000, 0x0000000085800000, 0x0000000085900000|  0%| F|  |TAMS 0x0000000085800000| PB 0x0000000085800000| Untracked 
|  35|0x0000000085900000, 0x0000000085900000, 0x0000000085a00000|  0%| F|  |TAMS 0x0000000085900000| PB 0x0000000085900000| Untracked 
|  36|0x0000000085a00000, 0x0000000085a00000, 0x0000000085b00000|  0%| F|  |TAMS 0x0000000085a00000| PB 0x0000000085a00000| Untracked 
|  37|0x0000000085b00000, 0x0000000085b00000, 0x0000000085c00000|  0%| F|  |TAMS 0x0000000085b00000| PB 0x0000000085b00000| Untracked 
|  38|0x0000000085c00000, 0x0000000085c00000, 0x0000000085d00000|  0%| F|  |TAMS 0x0000000085c00000| PB 0x0000000085c00000| Untracked 
|  39|0x0000000085d00000, 0x0000000085d00000, 0x0000000085e00000|  0%| F|  |TAMS 0x0000000085d00000| PB 0x0000000085d00000| Untracked 
|  40|0x0000000085e00000, 0x0000000085e00000, 0x0000000085f00000|  0%| F|  |TAMS 0x0000000085e00000| PB 0x0000000085e00000| Untracked 
|  41|0x0000000085f00000, 0x0000000085f00000, 0x0000000086000000|  0%| F|  |TAMS 0x0000000085f00000| PB 0x0000000085f00000| Untracked 
|  42|0x0000000086000000, 0x0000000086000000, 0x0000000086100000|  0%| F|  |TAMS 0x0000000086000000| PB 0x0000000086000000| Untracked 
|  43|0x0000000086100000, 0x0000000086100000, 0x0000000086200000|  0%| F|  |TAMS 0x0000000086100000| PB 0x0000000086100000| Untracked 
|  44|0x0000000086200000, 0x0000000086200000, 0x0000000086300000|  0%| F|  |TAMS 0x0000000086200000| PB 0x0000000086200000| Untracked 
|  45|0x0000000086300000, 0x0000000086300000, 0x0000000086400000|  0%| F|  |TAMS 0x0000000086300000| PB 0x0000000086300000| Untracked 
|  46|0x0000000086400000, 0x0000000086400000, 0x0000000086500000|  0%| F|  |TAMS 0x0000000086400000| PB 0x0000000086400000| Untracked 
|  47|0x0000000086500000, 0x0000000086500000, 0x0000000086600000|  0%| F|  |TAMS 0x0000000086500000| PB 0x0000000086500000| Untracked 
|  48|0x0000000086600000, 0x0000000086600000, 0x0000000086700000|  0%| F|  |TAMS 0x0000000086600000| PB 0x0000000086600000| Untracked 
|  49|0x0000000086700000, 0x0000000086700000, 0x0000000086800000|  0%| F|  |TAMS 0x0000000086700000| PB 0x0000000086700000| Untracked 
|  50|0x0000000086800000, 0x0000000086800000, 0x0000000086900000|  0%| F|  |TAMS 0x0000000086800000| PB 0x0000000086800000| Untracked 
|  51|0x0000000086900000, 0x0000000086900000, 0x0000000086a00000|  0%| F|  |TAMS 0x0000000086900000| PB 0x0000000086900000| Untracked 
|  52|0x0000000086a00000, 0x0000000086a00000, 0x0000000086b00000|  0%| F|  |TAMS 0x0000000086a00000| PB 0x0000000086a00000| Untracked 
|  53|0x0000000086b00000, 0x0000000086b00000, 0x0000000086c00000|  0%| F|  |TAMS 0x0000000086b00000| PB 0x0000000086b00000| Untracked 
|  54|0x0000000086c00000, 0x0000000086c00000, 0x0000000086d00000|  0%| F|  |TAMS 0x0000000086c00000| PB 0x0000000086c00000| Untracked 
|  55|0x0000000086d00000, 0x0000000086d00000, 0x0000000086e00000|  0%| F|  |TAMS 0x0000000086d00000| PB 0x0000000086d00000| Untracked 
|  56|0x0000000086e00000, 0x0000000086e00000, 0x0000000086f00000|  0%| F|  |TAMS 0x0000000086e00000| PB 0x0000000086e00000| Untracked 
|  57|0x0000000086f00000, 0x0000000086f00000, 0x0000000087000000|  0%| F|  |TAMS 0x0000000086f00000| PB 0x0000000086f00000| Untracked 
|  58|0x0000000087000000, 0x0000000087000000, 0x0000000087100000|  0%| F|  |TAMS 0x0000000087000000| PB 0x0000000087000000| Untracked 
|  59|0x0000000087100000, 0x0000000087100000, 0x0000000087200000|  0%| F|  |TAMS 0x0000000087100000| PB 0x0000000087100000| Untracked 
|  60|0x0000000087200000, 0x0000000087200000, 0x0000000087300000|  0%| F|  |TAMS 0x0000000087200000| PB 0x0000000087200000| Untracked 
|  61|0x0000000087300000, 0x0000000087300000, 0x0000000087400000|  0%| F|  |TAMS 0x0000000087300000| PB 0x0000000087300000| Untracked 
|  62|0x0000000087400000, 0x0000000087400000, 0x0000000087500000|  0%| F|  |TAMS 0x0000000087400000| PB 0x0000000087400000| Untracked 
|  63|0x0000000087500000, 0x0000000087500000, 0x0000000087600000|  0%| F|  |TAMS 0x0000000087500000| PB 0x0000000087500000| Untracked 
|  64|0x0000000087600000, 0x0000000087600000, 0x0000000087700000|  0%| F|  |TAMS 0x0000000087600000| PB 0x0000000087600000| Untracked 
|  65|0x0000000087700000, 0x0000000087700000, 0x0000000087800000|  0%| F|  |TAMS 0x0000000087700000| PB 0x0000000087700000| Untracked 
|  66|0x0000000087800000, 0x0000000087800000, 0x0000000087900000|  0%| F|  |TAMS 0x0000000087800000| PB 0x0000000087800000| Untracked 
|  67|0x0000000087900000, 0x0000000087900000, 0x0000000087a00000|  0%| F|  |TAMS 0x0000000087900000| PB 0x0000000087900000| Untracked 
|  68|0x0000000087a00000, 0x0000000087a00000, 0x0000000087b00000|  0%| F|  |TAMS 0x0000000087a00000| PB 0x0000000087a00000| Untracked 
|  69|0x0000000087b00000, 0x0000000087b00000, 0x0000000087c00000|  0%| F|  |TAMS 0x0000000087b00000| PB 0x0000000087b00000| Untracked 
|  70|0x0000000087c00000, 0x0000000087c00000, 0x0000000087d00000|  0%| F|  |TAMS 0x0000000087c00000| PB 0x0000000087c00000| Untracked 
|  71|0x0000000087d00000, 0x0000000087d00000, 0x0000000087e00000|  0%| F|  |TAMS 0x0000000087d00000| PB 0x0000000087d00000| Untracked 
|  72|0x0000000087e00000, 0x0000000087e00000, 0x0000000087f00000|  0%| F|  |TAMS 0x0000000087e00000| PB 0x0000000087e00000| Untracked 
|  73|0x0000000087f00000, 0x0000000087f00000, 0x0000000088000000|  0%| F|  |TAMS 0x0000000087f00000| PB 0x0000000087f00000| Untracked 
|  74|0x0000000088000000, 0x0000000088000000, 0x0000000088100000|  0%| F|  |TAMS 0x0000000088000000| PB 0x0000000088000000| Untracked 
|  75|0x0000000088100000, 0x0000000088100000, 0x0000000088200000|  0%| F|  |TAMS 0x0000000088100000| PB 0x0000000088100000| Untracked 
|  76|0x0000000088200000, 0x0000000088200000, 0x0000000088300000|  0%| F|  |TAMS 0x0000000088200000| PB 0x0000000088200000| Untracked 
|  77|0x0000000088300000, 0x0000000088300000, 0x0000000088400000|  0%| F|  |TAMS 0x0000000088300000| PB 0x0000000088300000| Untracked 
|  78|0x0000000088400000, 0x0000000088400000, 0x0000000088500000|  0%| F|  |TAMS 0x0000000088400000| PB 0x0000000088400000| Untracked 
|  79|0x0000000088500000, 0x0000000088500000, 0x0000000088600000|  0%| F|  |TAMS 0x0000000088500000| PB 0x0000000088500000| Untracked 
|  80|0x0000000088600000, 0x0000000088600000, 0x0000000088700000|  0%| F|  |TAMS 0x0000000088600000| PB 0x0000000088600000| Untracked 
|  81|0x0000000088700000, 0x0000000088700000, 0x0000000088800000|  0%| F|  |TAMS 0x0000000088700000| PB 0x0000000088700000| Untracked 
|  82|0x0000000088800000, 0x0000000088800000, 0x0000000088900000|  0%| F|  |TAMS 0x0000000088800000| PB 0x0000000088800000| Untracked 
|  83|0x0000000088900000, 0x0000000088900000, 0x0000000088a00000|  0%| F|  |TAMS 0x0000000088900000| PB 0x0000000088900000| Untracked 
|  84|0x0000000088a00000, 0x0000000088a00000, 0x0000000088b00000|  0%| F|  |TAMS 0x0000000088a00000| PB 0x0000000088a00000| Untracked 
|  85|0x0000000088b00000, 0x0000000088b00000, 0x0000000088c00000|  0%| F|  |TAMS 0x0000000088b00000| PB 0x0000000088b00000| Untracked 
|  86|0x0000000088c00000, 0x0000000088c00000, 0x0000000088d00000|  0%| F|  |TAMS 0x0000000088c00000| PB 0x0000000088c00000| Untracked 
|  87|0x0000000088d00000, 0x0000000088d00000, 0x0000000088e00000|  0%| F|  |TAMS 0x0000000088d00000| PB 0x0000000088d00000| Untracked 
|  88|0x0000000088e00000, 0x0000000088e00000, 0x0000000088f00000|  0%| F|  |TAMS 0x0000000088e00000| PB 0x0000000088e00000| Untracked 
|  89|0x0000000088f00000, 0x0000000088f00000, 0x0000000089000000|  0%| F|  |TAMS 0x0000000088f00000| PB 0x0000000088f00000| Untracked 
|  90|0x0000000089000000, 0x0000000089000000, 0x0000000089100000|  0%| F|  |TAMS 0x0000000089000000| PB 0x0000000089000000| Untracked 
|  91|0x0000000089100000, 0x0000000089100000, 0x0000000089200000|  0%| F|  |TAMS 0x0000000089100000| PB 0x0000000089100000| Untracked 
|  92|0x0000000089200000, 0x0000000089200000, 0x0000000089300000|  0%| F|  |TAMS 0x0000000089200000| PB 0x0000000089200000| Untracked 
|  93|0x0000000089300000, 0x0000000089300000, 0x0000000089400000|  0%| F|  |TAMS 0x0000000089300000| PB 0x0000000089300000| Untracked 
|  94|0x0000000089400000, 0x0000000089400000, 0x0000000089500000|  0%| F|  |TAMS 0x0000000089400000| PB 0x0000000089400000| Untracked 
|  95|0x0000000089500000, 0x0000000089500000, 0x0000000089600000|  0%| F|  |TAMS 0x0000000089500000| PB 0x0000000089500000| Untracked 
|  96|0x0000000089600000, 0x0000000089600000, 0x0000000089700000|  0%| F|  |TAMS 0x0000000089600000| PB 0x0000000089600000| Untracked 
|  97|0x0000000089700000, 0x0000000089700000, 0x0000000089800000|  0%| F|  |TAMS 0x0000000089700000| PB 0x0000000089700000| Untracked 
|  98|0x0000000089800000, 0x0000000089800000, 0x0000000089900000|  0%| F|  |TAMS 0x0000000089800000| PB 0x0000000089800000| Untracked 
|  99|0x0000000089900000, 0x0000000089900000, 0x0000000089a00000|  0%| F|  |TAMS 0x0000000089900000| PB 0x0000000089900000| Untracked 
| 100|0x0000000089a00000, 0x0000000089a00000, 0x0000000089b00000|  0%| F|  |TAMS 0x0000000089a00000| PB 0x0000000089a00000| Untracked 
| 101|0x0000000089b00000, 0x0000000089b00000, 0x0000000089c00000|  0%| F|  |TAMS 0x0000000089b00000| PB 0x0000000089b00000| Untracked 
| 102|0x0000000089c00000, 0x0000000089c00000, 0x0000000089d00000|  0%| F|  |TAMS 0x0000000089c00000| PB 0x0000000089c00000| Untracked 
| 103|0x0000000089d00000, 0x0000000089d00000, 0x0000000089e00000|  0%| F|  |TAMS 0x0000000089d00000| PB 0x0000000089d00000| Untracked 
| 104|0x0000000089e00000, 0x0000000089e00000, 0x0000000089f00000|  0%| F|  |TAMS 0x0000000089e00000| PB 0x0000000089e00000| Untracked 
| 105|0x0000000089f00000, 0x0000000089f00000, 0x000000008a000000|  0%| F|  |TAMS 0x0000000089f00000| PB 0x0000000089f00000| Untracked 
| 106|0x000000008a000000, 0x000000008a000000, 0x000000008a100000|  0%| F|  |TAMS 0x000000008a000000| PB 0x000000008a000000| Untracked 
| 107|0x000000008a100000, 0x000000008a100000, 0x000000008a200000|  0%| F|  |TAMS 0x000000008a100000| PB 0x000000008a100000| Untracked 
| 108|0x000000008a200000, 0x000000008a200000, 0x000000008a300000|  0%| F|  |TAMS 0x000000008a200000| PB 0x000000008a200000| Untracked 
| 109|0x000000008a300000, 0x000000008a300000, 0x000000008a400000|  0%| F|  |TAMS 0x000000008a300000| PB 0x000000008a300000| Untracked 
| 110|0x000000008a400000, 0x000000008a476450, 0x000000008a500000| 46%| E|  |TAMS 0x000000008a400000| PB 0x000000008a400000| Complete 
| 111|0x000000008a500000, 0x000000008a600000, 0x000000008a600000|100%| E|CS|TAMS 0x000000008a500000| PB 0x000000008a500000| Complete 
| 112|0x000000008a600000, 0x000000008a700000, 0x000000008a700000|100%| E|CS|TAMS 0x000000008a600000| PB 0x000000008a600000| Complete 
| 113|0x000000008a700000, 0x000000008a800000, 0x000000008a800000|100%| E|CS|TAMS 0x000000008a700000| PB 0x000000008a700000| Complete 
| 114|0x000000008a800000, 0x000000008a900000, 0x000000008a900000|100%| E|CS|TAMS 0x000000008a800000| PB 0x000000008a800000| Complete 
| 115|0x000000008a900000, 0x000000008aa00000, 0x000000008aa00000|100%| E|CS|TAMS 0x000000008a900000| PB 0x000000008a900000| Complete 
| 116|0x000000008aa00000, 0x000000008ab00000, 0x000000008ab00000|100%| E|CS|TAMS 0x000000008aa00000| PB 0x000000008aa00000| Complete 
| 117|0x000000008ab00000, 0x000000008ac00000, 0x000000008ac00000|100%| E|CS|TAMS 0x000000008ab00000| PB 0x000000008ab00000| Complete 
| 118|0x000000008ac00000, 0x000000008ad00000, 0x000000008ad00000|100%| E|CS|TAMS 0x000000008ac00000| PB 0x000000008ac00000| Complete 
| 119|0x000000008ad00000, 0x000000008ae00000, 0x000000008ae00000|100%| E|CS|TAMS 0x000000008ad00000| PB 0x000000008ad00000| Complete 
| 120|0x000000008ae00000, 0x000000008af00000, 0x000000008af00000|100%| E|  |TAMS 0x000000008ae00000| PB 0x000000008ae00000| Complete 
| 121|0x000000008af00000, 0x000000008b000000, 0x000000008b000000|100%| E|CS|TAMS 0x000000008af00000| PB 0x000000008af00000| Complete 
| 122|0x000000008b000000, 0x000000008b100000, 0x000000008b100000|100%| E|CS|TAMS 0x000000008b000000| PB 0x000000008b000000| Complete 
| 123|0x000000008b100000, 0x000000008b200000, 0x000000008b200000|100%| E|CS|TAMS 0x000000008b100000| PB 0x000000008b100000| Complete 
| 124|0x000000008b200000, 0x000000008b300000, 0x000000008b300000|100%| E|CS|TAMS 0x000000008b200000| PB 0x000000008b200000| Complete 
| 125|0x000000008b300000, 0x000000008b400000, 0x000000008b400000|100%| E|CS|TAMS 0x000000008b300000| PB 0x000000008b300000| Complete 

Card table byte_map: [0x000001669b390000,0x000001669b780000] _byte_map_base: 0x000001669af75000

Marking Bits: (CMBitMap*) 0x0000016687d9c5c0
 Bits: [0x000001669b780000, 0x000001669d6a8000)

Polling page: 0x0000016685d50000

Metaspace:

Usage:
  Non-class:     15.23 MB used.
      Class:      1.69 MB used.
       Both:     16.92 MB used.

Virtual space:
  Non-class space:       64.00 MB reserved,      15.38 MB ( 24%) committed,  1 nodes.
      Class space:        1.00 GB reserved,       1.81 MB ( <1%) committed,  1 nodes.
             Both:        1.06 GB reserved,      17.19 MB (  2%) committed. 

Chunk freelists:
   Non-Class:  656.00 KB
       Class:  14.13 MB
        Both:  14.78 MB

MaxMetaspaceSize: unlimited
CompressedClassSpaceSize: 1.00 GB
Initial GC threshold: 21.00 MB
Current GC threshold: 21.00 MB
CDS: off
 - commit_granule_bytes: 65536.
 - commit_granule_words: 8192.
 - virtual_space_node_default_size: 8388608.
 - enlarge_chunks_in_place: 1.
 - use_allocation_guard: 0.


Internal statistics:

num_allocs_failed_limit: 0.
num_arena_births: 238.
num_arena_deaths: 0.
num_vsnodes_births: 2.
num_vsnodes_deaths: 0.
num_space_committed: 275.
num_space_uncommitted: 0.
num_chunks_returned_to_freelist: 0.
num_chunks_taken_from_freelist: 442.
num_chunk_merges: 0.
num_chunk_splits: 243.
num_chunks_enlarged: 102.
num_inconsistent_stats: 0.

CodeHeap 'non-profiled nmethods': size=120000Kb used=354Kb max_used=354Kb free=119645Kb
 bounds [0x0000016693740000, 0x00000166939b0000, 0x000001669ac70000]
CodeHeap 'profiled nmethods': size=120000Kb used=1792Kb max_used=1792Kb free=118208Kb
 bounds [0x000001668bc70000, 0x000001668bee0000, 0x00000166931a0000]
CodeHeap 'non-nmethods': size=5760Kb used=1424Kb max_used=1441Kb free=4335Kb
 bounds [0x00000166931a0000, 0x0000016693410000, 0x0000016693740000]
 total_blobs=1622 nmethods=1110 adapters=417
 compilation: enabled
              stopped_count=0, restarted_count=0
 full_count=0

Compilation events (20 events):
Event: 0.749 Thread 0x00000166a02d9a00 1067       3       java.lang.invoke.MethodHandleNatives::canBeCalledVirtual (49 bytes)
Event: 0.749 Thread 0x00000166a02d9a00 nmethod 1067 0x000001668be13410 code [0x000001668be13600, 0x000001668be13ab8]
Event: 0.749 Thread 0x00000166a02d9a00 1068       3       jdk.internal.org.objectweb.asm.ClassWriter::<init> (7 bytes)
Event: 0.749 Thread 0x00000166a02d9a00 nmethod 1068 0x000001668be13c90 code [0x000001668be13e40, 0x000001668be13f88]
Event: 0.749 Thread 0x00000166a02d9a00 1069       3       jdk.internal.org.objectweb.asm.ClassWriter::<init> (73 bytes)
Event: 0.750 Thread 0x00000166a02d9a00 nmethod 1069 0x000001668be14010 code [0x000001668be14200, 0x000001668be14698]
Event: 0.750 Thread 0x00000166a02d9a00 1070       3       jdk.internal.org.objectweb.asm.ClassWriter::toByteArray (1517 bytes)
Event: 0.757 Thread 0x00000166a02d9a00 nmethod 1070 0x000001668be14810 code [0x000001668be15180, 0x000001668be18e90]
Event: 0.758 Thread 0x00000166a02d9a00 1072       3       jdk.internal.org.objectweb.asm.MethodWriter::hasFrames (13 bytes)
Event: 0.758 Thread 0x00000166a02d9a00 nmethod 1072 0x000001668be1ae90 code [0x000001668be1b020, 0x000001668be1b188]
Event: 0.758 Thread 0x00000166a02d9a00 1073       3       jdk.internal.org.objectweb.asm.MethodWriter::putMethodInfo (1274 bytes)
Event: 0.759 Thread 0x00000166a0301090 1076   !   4       java.util.zip.Inflater::finished (19 bytes)
Event: 0.760 Thread 0x00000166a0301090 nmethod 1076 0x0000016693796a90 code [0x0000016693796c20, 0x0000016693796e20]
Event: 0.762 Thread 0x00000166a02d9a00 nmethod 1073 0x000001668be1b210 code [0x000001668be1b920, 0x000001668be1e080]
Event: 0.762 Thread 0x00000166a02d9a00 1074       3       jdk.internal.org.objectweb.asm.Handler::putExceptionTable (63 bytes)
Event: 0.762 Thread 0x00000166a02d9a00 nmethod 1074 0x000001668be1f390 code [0x000001668be1f5c0, 0x000001668be1fa50]
Event: 0.762 Thread 0x00000166a02d9a00 1075       3       java.lang.invoke.MemberName::changeReferenceKind (46 bytes)
Event: 0.762 Thread 0x00000166a02d9a00 nmethod 1075 0x000001668be1fd10 code [0x000001668be1fea0, 0x000001668be1ffd0]
Event: 0.762 Thread 0x00000166a02d9a00 1071       3       jdk.internal.org.objectweb.asm.SymbolTable::computeBootstrapMethodsSize (27 bytes)
Event: 0.763 Thread 0x00000166a02d9a00 nmethod 1071 0x000001668be20090 code [0x000001668be20240, 0x000001668be20408]

GC Heap History (0 events):
No events

Dll operation events (2 events):
Event: 0.005 Loaded shared library C:\Program Files\JetBrains\WebStorm 2024.2.2\jbr\bin\java.dll
Event: 0.010 Loaded shared library C:\Program Files\JetBrains\WebStorm 2024.2.2\jbr\bin\zip.dll

Deoptimization events (10 events):
Event: 0.253 Thread 0x0000016685b2f980 Uncommon trap: trap_request=0xffffff45 fr.pc=0x000001669375429c relative=0x000000000000007c
Event: 0.253 Thread 0x0000016685b2f980 Uncommon trap: reason=unstable_if action=reinterpret pc=0x000001669375429c method=java.lang.CharacterDataLatin1.toLowerCase(I)I @ 16 c2
Event: 0.253 Thread 0x0000016685b2f980 DEOPT PACKING pc=0x000001669375429c sp=0x000000595c5fadd0
Event: 0.253 Thread 0x0000016685b2f980 DEOPT UNPACKING pc=0x00000166931f46a2 sp=0x000000595c5fad60 mode 2
Event: 0.354 Thread 0x0000016685b2f980 DEOPT PACKING pc=0x000001668bcafca3 sp=0x000000595c5fdb90
Event: 0.354 Thread 0x0000016685b2f980 DEOPT UNPACKING pc=0x00000166931f4e42 sp=0x000000595c5fd028 mode 0
Event: 0.430 Thread 0x0000016685b2f980 DEOPT PACKING pc=0x000001668bc8c1f8 sp=0x000000595c5fc4a0
Event: 0.431 Thread 0x0000016685b2f980 DEOPT UNPACKING pc=0x00000166931f4e42 sp=0x000000595c5fb8c0 mode 0
Event: 0.490 Thread 0x0000016685b2f980 DEOPT PACKING pc=0x000001668bc881d8 sp=0x000000595c5fb480
Event: 0.490 Thread 0x0000016685b2f980 DEOPT UNPACKING pc=0x00000166931f4e42 sp=0x000000595c5fa8e8 mode 0

Classes loaded (20 events):
Event: 0.712 Loading class sun/security/ssl/Ciphertext
Event: 0.712 Loading class sun/security/ssl/Ciphertext done
Event: 0.712 Loading class sun/security/ssl/PostHandshakeContext
Event: 0.712 Loading class sun/security/ssl/PostHandshakeContext done
Event: 0.712 Loading class javax/net/ssl/SSLEngineResult$Status
Event: 0.712 Loading class javax/net/ssl/SSLEngineResult$Status done
Event: 0.713 Loading class javax/net/ssl/SSLEngineResult
Event: 0.713 Loading class javax/net/ssl/SSLEngineResult done
Event: 0.713 Loading class java/lang/NoSuchFieldError
Event: 0.714 Loading class java/lang/NoSuchFieldError done
Event: 0.717 Loading class sun/nio/ch/IOVecWrapper
Event: 0.717 Loading class sun/nio/ch/IOVecWrapper done
Event: 0.717 Loading class sun/nio/ch/AllocatedNativeObject
Event: 0.717 Loading class sun/nio/ch/NativeObject
Event: 0.718 Loading class sun/nio/ch/NativeObject done
Event: 0.718 Loading class sun/nio/ch/AllocatedNativeObject done
Event: 0.718 Loading class sun/nio/ch/IOVecWrapper$Deallocator
Event: 0.718 Loading class sun/nio/ch/IOVecWrapper$Deallocator done
Event: 0.751 Loading class java/util/concurrent/CompletionException
Event: 0.751 Loading class java/util/concurrent/CompletionException done

Classes unloaded (0 events):
No events

Classes redefined (0 events):
No events

Internal exceptions (20 events):
Event: 0.419 Thread 0x0000016685b2f980 Exception <a 'java/lang/NoSuchMethodError'{0x000000008adb2e60}: 'int java.lang.invoke.DirectMethodHandle$Holder.invokeStaticInit(java.lang.Object, int, int)'> (0x000000008adb2e60) 
thrown [s\src\hotspot\share\interpreter\linkResolver.cpp, line 784]
Event: 0.420 Thread 0x0000016685b2f980 Exception <a 'java/lang/NoSuchMethodError'{0x000000008adba220}: 'int java.lang.invoke.DirectMethodHandle$Holder.invokeStaticInit(java.lang.Object, long, long)'> (0x000000008adba220) 
thrown [s\src\hotspot\share\interpreter\linkResolver.cpp, line 784]
Event: 0.421 Thread 0x0000016685b2f980 Exception <a 'java/lang/NoSuchMethodError'{0x000000008adc0c60}: 'int java.lang.invoke.DirectMethodHandle$Holder.invokeStaticInit(java.lang.Object, float, float)'> (0x000000008adc0c60) 
thrown [s\src\hotspot\share\interpreter\linkResolver.cpp, line 784]
Event: 0.421 Thread 0x0000016685b2f980 Exception <a 'java/lang/NoSuchMethodError'{0x000000008adc7570}: 'int java.lang.invoke.DirectMethodHandle$Holder.invokeStaticInit(java.lang.Object, double, double)'> (0x000000008adc7570) 
thrown [s\src\hotspot\share\interpreter\linkResolver.cpp, line 784]
Event: 0.422 Thread 0x0000016685b2f980 Exception <a 'java/lang/NoSuchMethodError'{0x000000008adcb9f8}: 'int java.lang.invoke.DirectMethodHandle$Holder.invokeStatic(java.lang.Object, long)'> (0x000000008adcb9f8) 
thrown [s\src\hotspot\share\interpreter\linkResolver.cpp, line 784]
Event: 0.427 Thread 0x0000016685b2f980 Exception <a 'java/lang/NoSuchMethodError'{0x000000008adf7ab8}: 'java.lang.Object java.lang.invoke.DelegatingMethodHandle$Holder.delegate(java.lang.Object, int, java.lang.Object, java.lang.Object)'> (0x000000008adf7ab8) 
thrown [s\src\hotspot\share\interpreter\linkResolver.cpp, line 784]
Event: 0.431 Thread 0x0000016685b2f980 Exception <a 'java/lang/NoSuchMethodError'{0x000000008ac071c8}: 'int java.lang.invoke.Invokers$Holder.linkToTargetMethod(java.lang.Object, java.lang.Object, java.lang.Object)'> (0x000000008ac071c8) 
thrown [s\src\hotspot\share\interpreter\linkResolver.cpp, line 784]
Event: 0.436 Thread 0x0000016685b2f980 Exception <a 'java/lang/NoSuchMethodError'{0x000000008ac38df8}: 'long java.lang.invoke.DirectMethodHandle$Holder.invokeSpecial(java.lang.Object, java.lang.Object)'> (0x000000008ac38df8) 
thrown [s\src\hotspot\share\interpreter\linkResolver.cpp, line 784]
Event: 0.438 Thread 0x0000016685b2f980 Exception <a 'java/lang/NoSuchMethodError'{0x000000008ac3f4f8}: 'int java.lang.invoke.DirectMethodHandle$Holder.invokeStatic(java.lang.Object, java.lang.Object, java.lang.Object, java.lang.Object)'> (0x000000008ac3f4f8) 
thrown [s\src\hotspot\share\interpreter\linkResolver.cpp, line 784]
Event: 0.438 Thread 0x0000016685b2f980 Exception <a 'java/lang/NoSuchMethodError'{0x000000008ac428c8}: 'java.lang.Object java.lang.invoke.Invokers$Holder.invokeExact_MT(java.lang.Object, java.lang.Object, java.lang.Object, java.lang.Object, java.lang.Object, java.lang.Object)'> (0x000000008ac428c8) 
thrown [s\src\hotspot\share\interpreter\linkResolver.cpp, line 784]
Event: 0.527 Thread 0x0000016685b2f980 Exception <a 'java/lang/NoSuchMethodError'{0x000000008abd18d0}: 'java.lang.Object java.lang.invoke.DirectMethodHandle$Holder.newInvokeSpecial(java.lang.Object, java.lang.Object, java.lang.Object, java.lang.Object, java.lang.Object)'> (0x000000008abd18d0) 
thrown [s\src\hotspot\share\interpreter\linkResolver.cpp, line 784]
Event: 0.561 Thread 0x0000016685b2f980 Exception <a 'java/lang/NoSuchMethodError'{0x000000008a9628f8}: 'java.lang.Object java.lang.invoke.DirectMethodHandle$Holder.invokeSpecial(java.lang.Object, java.lang.Object, java.lang.Object, java.lang.Object, int)'> (0x000000008a9628f8) 
thrown [s\src\hotspot\share\interpreter\linkResolver.cpp, line 784]
Event: 0.562 Thread 0x0000016685b2f980 Exception <a 'java/lang/NoSuchMethodError'{0x000000008a966240}: 'java.lang.Object java.lang.invoke.Invokers$Holder.linkToTargetMethod(java.lang.Object, java.lang.Object, int, java.lang.Object)'> (0x000000008a966240) 
thrown [s\src\hotspot\share\interpreter\linkResolver.cpp, line 784]
Event: 0.571 Thread 0x0000016685b2f980 Exception <a 'java/lang/NoSuchMethodError'{0x000000008a9941b8}: 'void java.lang.invoke.DirectMethodHandle$Holder.invokeSpecial(java.lang.Object, java.lang.Object, java.lang.Object)'> (0x000000008a9941b8) 
thrown [s\src\hotspot\share\interpreter\linkResolver.cpp, line 784]
Event: 0.585 Thread 0x0000016685b2f980 Exception <a 'java/lang/NoSuchMethodError'{0x000000008a88c078}: 'void java.lang.invoke.DirectMethodHandle$Holder.invokeSpecial(java.lang.Object, java.lang.Object, java.lang.Object, java.lang.Object, java.lang.Object)'> (0x000000008a88c078) 
thrown [s\src\hotspot\share\interpreter\linkResolver.cpp, line 784]
Event: 0.586 Thread 0x00000166a0ab90b0 Exception <a 'java/lang/NoSuchMethodError'{0x000000008a80dd48}: 'void java.lang.invoke.DirectMethodHandle$Holder.invokeStatic(java.lang.Object, java.lang.Object, int)'> (0x000000008a80dd48) 
thrown [s\src\hotspot\share\interpreter\linkResolver.cpp, line 784]
Event: 0.593 Thread 0x00000166a0ab90b0 Exception <a 'java/lang/NoSuchMethodError'{0x000000008a846818}: 'void java.lang.invoke.DirectMethodHandle$Holder.invokeStatic(java.lang.Object, java.lang.Object)'> (0x000000008a846818) 
thrown [s\src\hotspot\share\interpreter\linkResolver.cpp, line 784]
Event: 0.594 Thread 0x00000166a0b0ae30 Exception <a 'java/lang/NoSuchMethodError'{0x000000008a711ec8}: 'void java.lang.invoke.DirectMethodHandle$Holder.invokeInterface(java.lang.Object, java.lang.Object, java.lang.Object)'> (0x000000008a711ec8) 
thrown [s\src\hotspot\share\interpreter\linkResolver.cpp, line 784]
Event: 0.605 Thread 0x00000166a0b0ae30 Exception <a 'java/lang/NoSuchMethodError'{0x000000008a763560}: 'void java.lang.invoke.DirectMethodHandle$Holder.invokeVirtual(java.lang.Object, java.lang.Object)'> (0x000000008a763560) 
thrown [s\src\hotspot\share\interpreter\linkResolver.cpp, line 784]
Event: 0.749 Thread 0x00000166a0b0ae30 Exception <a 'java/lang/NoSuchMethodError'{0x000000008a507110}: 'void java.lang.invoke.DirectMethodHandle$Holder.invokeStatic(java.lang.Object, java.lang.Object, java.lang.Object, java.lang.Object)'> (0x000000008a507110) 
thrown [s\src\hotspot\share\interpreter\linkResolver.cpp, line 784]

ZGC Phase Switch (0 events):
No events

VM Operations (8 events):
Event: 0.101 Executing VM operation: HandshakeAllThreads (Deoptimize)
Event: 0.101 Executing VM operation: HandshakeAllThreads (Deoptimize) done
Event: 0.116 Executing VM operation: HandshakeAllThreads (Deoptimize)
Event: 0.116 Executing VM operation: HandshakeAllThreads (Deoptimize) done
Event: 0.338 Executing VM operation: HandshakeAllThreads (Deoptimize)
Event: 0.338 Executing VM operation: HandshakeAllThreads (Deoptimize) done
Event: 0.589 Executing VM operation: HandshakeAllThreads (Deoptimize)
Event: 0.589 Executing VM operation: HandshakeAllThreads (Deoptimize) done

Events (20 events):
Event: 0.048 Thread 0x00000166a02d6e70 Thread added: 0x00000166a02d6e70
Event: 0.048 Thread 0x00000166a02d7b90 Thread added: 0x00000166a02d7b90
Event: 0.049 Thread 0x00000166a02fd020 Thread added: 0x00000166a02fd020
Event: 0.049 Thread 0x00000166a02fda80 Thread added: 0x00000166a02fda80
Event: 0.049 Thread 0x00000166a02fe4e0 Thread added: 0x00000166a02fe4e0
Event: 0.049 Thread 0x00000166a02fef40 Thread added: 0x00000166a02fef40
Event: 0.049 Thread 0x00000166a0301090 Thread added: 0x00000166a0301090
Event: 0.049 Thread 0x00000166a02d9a00 Thread added: 0x00000166a02d9a00
Event: 0.073 Thread 0x00000166a049dbd0 Thread added: 0x00000166a049dbd0
Event: 0.077 Thread 0x00000166a04b6260 Thread added: 0x00000166a04b6260
Event: 0.083 Loaded shared library C:\Program Files\JetBrains\WebStorm 2024.2.2\jbr\bin\net.dll
Event: 0.085 Loaded shared library C:\Program Files\JetBrains\WebStorm 2024.2.2\jbr\bin\nio.dll
Event: 0.094 Loaded shared library C:\Program Files\JetBrains\WebStorm 2024.2.2\jbr\bin\zip.dll
Event: 0.183 Loaded shared library C:\Program Files\JetBrains\WebStorm 2024.2.2\jbr\bin\jimage.dll
Event: 0.200 Loaded shared library C:\Program Files\JetBrains\WebStorm 2024.2.2\jbr\bin\sunmscapi.dll
Event: 0.518 Loaded shared library C:\Program Files\JetBrains\WebStorm 2024.2.2\jbr\bin\extnet.dll
Event: 0.522 Thread 0x00000166a0ab90b0 Thread added: 0x00000166a0ab90b0
Event: 0.592 Thread 0x00000166a0b0ae30 Thread added: 0x00000166a0b0ae30
Event: 0.611 Thread 0x00000166a0b23d40 Thread added: 0x00000166a0b23d40
Event: 0.656 Thread 0x00000166a0b703f0 Thread added: 0x00000166a0b703f0


Dynamic libraries:
0x00007ff6149f0000 - 0x00007ff6149fa000 	C:\Program Files\JetBrains\WebStorm 2024.2.2\jbr\bin\java.exe
0x00007ff8775e0000 - 0x00007ff8777e9000 	C:\Windows\SYSTEM32\ntdll.dll
0x00007ff875e20000 - 0x00007ff875edd000 	C:\Windows\System32\KERNEL32.DLL
0x00007ff874cd0000 - 0x00007ff875054000 	C:\Windows\System32\KERNELBASE.dll
0x00007ff875150000 - 0x00007ff875261000 	C:\Windows\System32\ucrtbase.dll
0x00007ff866520000 - 0x00007ff866538000 	C:\Program Files\JetBrains\WebStorm 2024.2.2\jbr\bin\jli.dll
0x00007ff8080f0000 - 0x00007ff80810b000 	C:\Program Files\JetBrains\WebStorm 2024.2.2\jbr\bin\VCRUNTIME140.dll
0x00007ff875750000 - 0x00007ff8758fd000 	C:\Windows\System32\USER32.dll
0x00007ff875120000 - 0x00007ff875146000 	C:\Windows\System32\win32u.dll
0x00007ff8539a0000 - 0x00007ff853c45000 	C:\Windows\WinSxS\amd64_microsoft.windows.common-controls_6595b64144ccf1df_6.0.22000.120_none_9d947278b86cc467\COMCTL32.dll
0x00007ff8774f0000 - 0x00007ff877593000 	C:\Windows\System32\msvcrt.dll
0x00007ff8754a0000 - 0x00007ff8754ca000 	C:\Windows\System32\GDI32.dll
0x00007ff875310000 - 0x00007ff87542e000 	C:\Windows\System32\gdi32full.dll
0x00007ff875270000 - 0x00007ff87530d000 	C:\Windows\System32\msvcp_win.dll
0x00007ff876640000 - 0x00007ff876671000 	C:\Windows\System32\IMM32.DLL
0x00007ff84aa40000 - 0x00007ff84aa4c000 	C:\Program Files\JetBrains\WebStorm 2024.2.2\jbr\bin\vcruntime140_1.dll
0x00007ff852540000 - 0x00007ff8525cd000 	C:\Program Files\JetBrains\WebStorm 2024.2.2\jbr\bin\msvcp140.dll
0x00007fffff230000 - 0x00007ffffffe2000 	C:\Program Files\JetBrains\WebStorm 2024.2.2\jbr\bin\server\jvm.dll
0x00007ff8761b0000 - 0x00007ff87625e000 	C:\Windows\System32\ADVAPI32.dll
0x00007ff8756b0000 - 0x00007ff87574e000 	C:\Windows\System32\sechost.dll
0x00007ff875900000 - 0x00007ff875a21000 	C:\Windows\System32\RPCRT4.dll
0x00007ff875430000 - 0x00007ff87549f000 	C:\Windows\System32\WS2_32.dll
0x00007ff874380000 - 0x00007ff8743cd000 	C:\Windows\SYSTEM32\POWRPROF.dll
0x00007ff86b820000 - 0x00007ff86b82a000 	C:\Windows\SYSTEM32\VERSION.dll
0x00007ff86c0a0000 - 0x00007ff86c0d3000 	C:\Windows\SYSTEM32\WINMM.dll
0x00007ff874360000 - 0x00007ff874373000 	C:\Windows\SYSTEM32\UMPDC.dll
0x00007ff873aa0000 - 0x00007ff873ab8000 	C:\Windows\SYSTEM32\kernel.appcore.dll
0x00007ff84a8e0000 - 0x00007ff84a8ea000 	C:\Program Files\JetBrains\WebStorm 2024.2.2\jbr\bin\jimage.dll
0x00007ff86da70000 - 0x00007ff86dc91000 	C:\Windows\SYSTEM32\DBGHELP.DLL
0x00007ff861d90000 - 0x00007ff861dc1000 	C:\Windows\SYSTEM32\dbgcore.DLL
0x00007ff874a70000 - 0x00007ff874aef000 	C:\Windows\System32\bcryptPrimitives.dll
0x00007ff8080d0000 - 0x00007ff8080ef000 	C:\Program Files\JetBrains\WebStorm 2024.2.2\jbr\bin\java.dll
0x00007ff8080b0000 - 0x00007ff8080c8000 	C:\Program Files\JetBrains\WebStorm 2024.2.2\jbr\bin\zip.dll
0x00007ff876d20000 - 0x00007ff8774e5000 	C:\Windows\System32\SHELL32.dll
0x00007ff872b00000 - 0x00007ff873362000 	C:\Windows\SYSTEM32\windows.storage.dll
0x00007ff875a30000 - 0x00007ff875da6000 	C:\Windows\System32\combase.dll
0x00007ff872990000 - 0x00007ff872af7000 	C:\Windows\SYSTEM32\wintypes.dll
0x00007ff8754d0000 - 0x00007ff8755ba000 	C:\Windows\System32\SHCORE.dll
0x00007ff876680000 - 0x00007ff8766dd000 	C:\Windows\System32\shlwapi.dll
0x00007ff8749a0000 - 0x00007ff8749c5000 	C:\Windows\SYSTEM32\profapi.dll
0x00007ff848710000 - 0x00007ff848720000 	C:\Program Files\JetBrains\WebStorm 2024.2.2\jbr\bin\net.dll
0x00007ff86cfc0000 - 0x00007ff86d0d4000 	C:\Windows\SYSTEM32\WINHTTP.dll
0x00007ff873f40000 - 0x00007ff873fa7000 	C:\Windows\system32\mswsock.dll
0x00007ff808090000 - 0x00007ff8080a6000 	C:\Program Files\JetBrains\WebStorm 2024.2.2\jbr\bin\nio.dll
0x00007ff844da0000 - 0x00007ff844dae000 	C:\Program Files\JetBrains\WebStorm 2024.2.2\jbr\bin\sunmscapi.dll
0x00007ff874af0000 - 0x00007ff874c52000 	C:\Windows\System32\CRYPT32.dll
0x00007ff874410000 - 0x00007ff874438000 	C:\Windows\SYSTEM32\ncrypt.dll
0x00007ff8743d0000 - 0x00007ff874407000 	C:\Windows\SYSTEM32\NTASN1.dll
0x00007ff874210000 - 0x00007ff874228000 	C:\Windows\SYSTEM32\CRYPTSP.dll
0x00007ff873a00000 - 0x00007ff873a35000 	C:\Windows\system32\rsaenh.dll
0x00007ff873fe0000 - 0x00007ff87400c000 	C:\Windows\SYSTEM32\USERENV.dll
0x00007ff874440000 - 0x00007ff874467000 	C:\Windows\SYSTEM32\bcrypt.dll
0x00007ff874130000 - 0x00007ff87413c000 	C:\Windows\SYSTEM32\CRYPTBASE.dll
0x00007ff8735b0000 - 0x00007ff8735dd000 	C:\Windows\SYSTEM32\IPHLPAPI.DLL
0x00007ff876260000 - 0x00007ff876269000 	C:\Windows\System32\NSI.dll
0x00007ff843e50000 - 0x00007ff843e58000 	C:\Windows\system32\wshunix.dll
0x00007ff842910000 - 0x00007ff842919000 	C:\Program Files\JetBrains\WebStorm 2024.2.2\jbr\bin\extnet.dll

dbghelp: loaded successfully - version: 4.0.5 - missing functions: none
symbol engine: initialized successfully - sym options: 0x614 - pdb path: .;C:\Program Files\JetBrains\WebStorm 2024.2.2\jbr\bin;C:\Windows\SYSTEM32;C:\Windows\WinSxS\amd64_microsoft.windows.common-controls_6595b64144ccf1df_6.0.22000.120_none_9d947278b86cc467;C:\Program Files\JetBrains\WebStorm 2024.2.2\jbr\bin\server

VM Arguments:
java_command: git4idea.http.GitAskPassApp Username for 'https://github.com': 
java_class_path (initial): C:/Program Files/JetBrains/WebStorm 2024.2.2/plugins/vcs-git/lib/git4idea-rt.jar;C:/Program Files/JetBrains/WebStorm 2024.2.2/lib/externalProcess-rt.jar
Launcher Type: SUN_STANDARD

[Global flags]
     intx CICompilerCount                          = 4                                         {product} {ergonomic}
     uint ConcGCThreads                            = 2                                         {product} {ergonomic}
     uint G1ConcRefinementThreads                  = 8                                         {product} {ergonomic}
   size_t G1HeapRegionSize                         = 1048576                                   {product} {ergonomic}
    uintx GCDrainStackTargetSize                   = 64                                        {product} {ergonomic}
   size_t InitialHeapSize                          = 132120576                                 {product} {ergonomic}
   size_t MarkStackSize                            = 4194304                                   {product} {ergonomic}
   size_t MaxHeapSize                              = 2090860544                                {product} {ergonomic}
   size_t MaxNewSize                               = 1254096896                                {product} {ergonomic}
   size_t MinHeapDeltaBytes                        = 1048576                                   {product} {ergonomic}
   size_t MinHeapSize                              = 8388608                                   {product} {ergonomic}
    uintx NonNMethodCodeHeapSize                   = 5839372                                {pd product} {ergonomic}
    uintx NonProfiledCodeHeapSize                  = 122909434                              {pd product} {ergonomic}
    uintx ProfiledCodeHeapSize                     = 122909434                              {pd product} {ergonomic}
    uintx ReservedCodeCacheSize                    = 251658240                              {pd product} {ergonomic}
     bool SegmentedCodeCache                       = true                                      {product} {ergonomic}
   size_t SoftMaxHeapSize                          = 2090860544                             {manageable} {ergonomic}
     bool UseCompressedOops                        = true                           {product lp64_product} {ergonomic}
     bool UseG1GC                                  = true                                      {product} {ergonomic}
     bool UseLargePagesIndividualAllocation        = false                                  {pd product} {ergonomic}

Logging:
Log output configuration:
 #0: stdout all=warning uptime,level,tags foldmultilines=false
 #1: stderr all=off uptime,level,tags foldmultilines=false

Environment Variables:
PATH=C:/Program Files/Git/mingw64/libexec/git-core;C:/Program Files/Git/mingw64/libexec/git-core;C:\Program Files\Git\mingw64\bin;C:\Program Files\Git\usr\bin;C:\Users\user\bin;C:\Windows\system32;C:\Windows;C:\Windows\System32\Wbem;C:\Windows\System32\WindowsPowerShell\v1.0\;C:\Windows\System32\OpenSSH\;C:\Program Files\Git\cmd;C:\Users\user\AppData\Local\nvm;C:\nvm4w\nodejs;C:\Users\user\AppData\Local\Microsoft\WindowsApps;C:\Users\user\AppData\Local\Programs\Microsoft VS Code\bin;C:\Users\user\AppData\Local\nvm;C:\nvm4w\nodejs
USERNAME=user
DISPLAY=:0.0
LC_ALL=en_US.UTF-8
TERM=xterm-256color
TMPDIR=C:\Users\user\AppData\Local\Temp
OS=Windows_NT
PROCESSOR_IDENTIFIER=Intel64 Family 6 Model 158 Stepping 13, GenuineIntel
TMP=C:\Users\user\AppData\Local\Temp
TEMP=C:\Users\user\AppData\Local\Temp




Periodic native trim disabled

JNI global refs:
JNI global refs: 20, weak refs: 0

JNI global refs memory usage: 835, weak refs: 833

Process memory usage:
Resident Set Size: 80832K (0% of 8165280K total physical memory with 502132K free physical memory)

OOME stack traces (most recent first):
Classloader memory used:
Loader bootstrap                                                                       : 15440K
Loader jdk.internal.loader.ClassLoaders$PlatformClassLoader                            : 1864K
Loader jdk.internal.loader.ClassLoaders$AppClassLoader                                 : 16408B

---------------  S Y S T E M  ---------------

OS:
 Windows 11 , 64 bit Build 22000 (10.0.22000.2538)
OS uptime: 1 days 2:10 hours
Hyper-V role detected

CPU: total 8 (initial active 8) (4 cores per cpu, 2 threads per core) family 6 model 158 stepping 13 microcode 0xfa, cx8, cmov, fxsr, ht, mmx, 3dnowpref, sse, sse2, sse3, ssse3, sse4.1, sse4.2, popcnt, lzcnt, tsc, tscinvbit, avx, avx2, aes, erms, clmul, bmi1, bmi2, adx, fma, vzeroupper, clflush, clflushopt, hv, rdtscp, f16c
Processor Information for all 8 processors :
  Max Mhz: 2496, Current Mhz: 2496, Mhz Limit: 2496

Memory: 4k page, system-wide physical 7973M (490M free)
TotalPageFile size 10021M (AvailPageFile size 4M)
current process WorkingSet (physical memory assigned to process): 78M, peak: 78M
current process commit charge ("private bytes"): 226M, peak: 227M

vm_info: OpenJDK 64-Bit Server VM (21.0.3+13-b509.15) for windows-amd64 JRE (21.0.3+13-b509.15), built on 2024-09-04 by "builduser" with MS VC++ 16.10 / 16.11 (VS2019)

END.
